2024-04-22T12:26:59 | touched: src/main.rs
2025-10-02T17:28:07 | touched: README.md
2026-01-23T09:12:10 | touched: README.md
2024-12-07T21:28:18 | touched: sync_core.md
2025-08-24T06:40:53 | touched: README.md
2024-05-22T19:41:59 | touched: Cargo.toml
2026-01-11T21:18:00 | touched: README.md
2025-10-14T15:36:11 | touched: sync_core.md
2026-01-13T02:05:27 | touched: src/lib.rs
2026-01-24T10:39:47 | touched: LICENSE
2024-07-25T20:48:31 | touched: src/main.rs
2025-01-15T20:10:00 | touched: sync_review.md
2024-04-26T10:33:59 | touched: src/lib.rs
2024-12-21T02:54:43 | touched: sync_core.md
2026-01-16T06:29:13 | touched: sync_review.md
2025-02-25T06:26:04 | touched: sync_review.md
2026-01-06T22:08:21 | touched: LICENSE
2024-07-21T14:29:32 | touched: src/lib.rs
2025-08-23T18:06:23 | touched: LICENSE
2026-01-24T10:29:09 | touched: LICENSE
2026-01-05T14:22:00 | touched: README.md
2025-09-28T00:20:10 | touched: sync_core.md
2026-01-25T18:07:42 | touched: src/lib.rs
2024-02-27T12:06:26 | touched: sync_review.md
2026-01-20T07:59:00 | touched: sync_core.md
2024-11-23T14:29:19 | touched: Cargo.toml
2026-01-10T20:42:07 | touched: src/lib.rs
2026-01-20T16:57:18 | touched: Cargo.toml
2025-11-02T10:11:36 | touched: src/main.rs
2025-03-28T14:30:20 | touched: Cargo.toml
2024-06-07T03:59:24 | touched: src/main.rs
2025-08-30T05:47:00 | touched: README.md
2025-11-02T05:05:41 | touched: LICENSE
2025-12-08T06:14:36 | touched: src/lib.rs
2025-06-28T07:26:17 | touched: sync_core.md
